<?xml version="1.0" encoding="UTF-8"?>
<!-- Generated by org.testng.reporters.JUnitReportReporter -->
<testsuite hostname="LAP-NNANDURKAR" failures="0" tests="1" name="practise.AppiumFramework.ECommerceTestCase_BrowserStack" time="16.912" errors="0" timestamp="07 Sep 2020 18:51:00 GMT" skipped="0">
  <testcase classname="practise.AppiumFramework.ECommerceTestCase_BrowserStack" name="verifyTotalTest" time="16.912"/>
</testsuite> <!-- practise.AppiumFramework.ECommerceTestCase_BrowserStack -->
